<?xml version="1.0" encoding="UTF-8"?>
<!-- Generated by org.testng.reporters.JUnitXMLReporter -->
<testsuite ignored="0" hostname="manikanta" failures="0" tests="6" name="Free CRM App Test Cases" time="112.006" errors="0" timestamp="26 Aug 2019 05:20:12 GMT">
  <testcase classname="com.crm.qa.testcases.ContactsPageTest" name="verifyContactsLableTest" time="0.105"/>
  <testcase classname="com.crm.qa.testcases.HomePageTest" name="verifyHomePageTitleTest" time="0.011"/>
  <testcase classname="com.crm.qa.testcases.LoginPageTest" name="loginTitleTest" time="0.139"/>
  <testcase classname="com.crm.qa.testcases.HomePageTest" name="verifyContactsLinkTest" time="1.889"/>
  <testcase classname="com.crm.qa.testcases.LoginPageTest" name="LoginTest" time="6.082"/>
  <testcase classname="com.crm.qa.testcases.HomePageTest" name="verifyUserNameTest" time="0.15"/>
</testsuite> <!-- Free CRM App Test Cases -->
